*** Launching Game ***
[10:38:56] [launcher/INFO]: Loading tweak class name optifine.OptiFineTweaker
[10:38:56] [launcher/INFO]: Using primary tweak class name optifine.OptiFineTweaker
[10:38:56] [launcher/INFO]: Calling tweak class optifine.OptiFineTweaker
OptiFineTweaker: acceptOptions
OptiFineTweaker: injectIntoClassLoader
OptiFine ClassTransformer
OptiFine URL: file:/D:/游戏/MC服务器/时忆服务器/时忆服务器四周目/【四周目】1.12.1/.minecraft/libraries/optifine/OptiFine/1.12.1_HD_U_C5/OptiFine-1.12.1_HD_U_C5.jar
OptiFine ZIP file: D:\游戏\MC服务器\时忆服务器\时忆服务器四周目\【四周目】1.12.1\.minecraft\libraries\optifine\OptiFine\1.12.1_HD_U_C5\OptiFine-1.12.1_HD_U_C5.jar
OptiFineTweaker: getLaunchArguments
OptiFineTweaker: getLaunchTarget
[10:38:56] [launcher/INFO]: Launching wrapped minecraft {net.minecraft.client.main.Main}
[10:38:56] [launcher/INFO]: Setting user: 123
[10:38:58] [launcher/INFO]: [OptiFine] *** Reflector Forge ***
[10:38:58] [launcher/INFO]: [OptiFine] (Reflector) Class not present: net.minecraftforge.client.model.Attributes
[10:38:58] [launcher/INFO]: [OptiFine] (Reflector) Class not present: mods.betterfoliage.client.BetterFoliageClient
[10:38:58] [launcher/INFO]: [OptiFine] (Reflector) Class not present: net.minecraftforge.fml.common.asm.transformers.BlamingTransformer
[10:38:58] [launcher/INFO]: [OptiFine] (Reflector) Class not present: net.minecraftforge.event.world.ChunkWatchEvent$UnWatch
[10:38:58] [launcher/INFO]: [OptiFine] (Reflector) Class not present: net.minecraftforge.fml.relauncher.CoreModManager
[10:38:58] [launcher/INFO]: [OptiFine] (Reflector) Class not present: net.minecraftforge.common.DimensionManager
[10:38:58] [launcher/INFO]: [OptiFine] (Reflector) Class not present: net.minecraftforge.client.event.GuiScreenEvent$DrawScreenEvent$Pre
[10:38:58] [launcher/INFO]: [OptiFine] (Reflector) Class not present: net.minecraftforge.client.event.GuiScreenEvent$DrawScreenEvent$Post
[10:38:58] [launcher/INFO]: [OptiFine] (Reflector) Class not present: net.minecraftforge.client.event.EntityViewRenderEvent$CameraSetup
[10:38:58] [launcher/INFO]: [OptiFine] (Reflector) Class not present: net.minecraftforge.client.event.EntityViewRenderEvent$FogColors
[10:38:58] [launcher/INFO]: [OptiFine] (Reflector) Class not present: net.minecraftforge.client.event.EntityViewRenderEvent$RenderFogEvent
[10:38:58] [launcher/INFO]: [OptiFine] (Reflector) Class not present: net.minecraftforge.fml.common.eventhandler.Event
[10:38:58] [launcher/INFO]: [OptiFine] (Reflector) Class not present: net.minecraftforge.fml.common.eventhandler.EventBus
[10:38:58] [launcher/INFO]: [OptiFine] (Reflector) Class not present: net.minecraftforge.fml.common.eventhandler.Event$Result
[10:38:58] [launcher/INFO]: [OptiFine] (Reflector) Class not present: net.minecraftforge.common.property.ExtendedBlockState
[10:38:58] [launcher/INFO]: [OptiFine] (Reflector) Class not present: net.minecraftforge.fml.client.FMLClientHandler
[10:38:58] [launcher/INFO]: [OptiFine] (Reflector) Class not present: net.minecraftforge.fml.common.FMLCommonHandler
[10:38:58] [launcher/INFO]: [OptiFine] (Reflector) Method not present: anh.getWaterColorMultiplier
[10:38:58] [launcher/INFO]: [OptiFine] (Reflector) Method not present: aow.addDestroyEffects
[10:38:58] [launcher/INFO]: [OptiFine] (Reflector) Method not present: aow.addHitEffects
[10:38:58] [launcher/INFO]: [OptiFine] (Reflector) Method not present: aow.canCreatureSpawn
[10:38:58] [launcher/INFO]: [OptiFine] (Reflector) Method not present: aow.canRenderInLayer
[10:38:58] [launcher/INFO]: [OptiFine] (Reflector) Method not present: aow.doesSideBlockRendering
[10:38:58] [launcher/INFO]: [OptiFine] (Reflector) Method not present: aow.getBedDirection
[10:38:58] [launcher/INFO]: [OptiFine] (Reflector) Method not present: aow.getExtendedState
[10:38:58] [launcher/INFO]: [OptiFine] (Reflector) Method not present: aow.getFogColor
[10:38:58] [launcher/INFO]: [OptiFine] (Reflector) Method not present: aow.getLightOpacity
[10:38:58] [launcher/INFO]: [OptiFine] (Reflector) Method not present: aow.getLightValue
[10:38:58] [launcher/INFO]: [OptiFine] (Reflector) Method not present: aow.getSoundType
[10:38:58] [launcher/INFO]: [OptiFine] (Reflector) Method not present: aow.hasTileEntity
[10:38:58] [launcher/INFO]: [OptiFine] (Reflector) Method not present: aow.isAir
[10:38:58] [launcher/INFO]: [OptiFine] (Reflector) Method not present: aow.isBed
[10:38:58] [launcher/INFO]: [OptiFine] (Reflector) Method not present: aow.isBedFoot
[10:38:58] [launcher/INFO]: [OptiFine] (Reflector) Method not present: aow.isSideSolid
[10:38:58] [launcher/INFO]: [OptiFine] (Reflector) Method not present: and.isSideSolid
[10:38:58] [launcher/INFO]: [OptiFine] (Reflector) Method not present: vg.canRiderInteract
[10:38:58] [launcher/INFO]: [OptiFine] (Reflector) Field not present: vg.captureDrops
[10:38:58] [launcher/INFO]: [OptiFine] (Reflector) Field not present: vg.capturedDrops
[10:38:58] [launcher/INFO]: [OptiFine] (Reflector) Method not present: vg.shouldRenderInPass
[10:38:58] [launcher/INFO]: [OptiFine] (Reflector) Method not present: vg.shouldRiderSit
[10:38:58] [launcher/INFO]: [OptiFine] (Reflector) Class not present: net.minecraftforge.event.ForgeEventFactory
[10:38:58] [launcher/INFO]: [OptiFine] (Reflector) Class not present: net.minecraftforge.common.ForgeHooks
[10:38:58] [launcher/INFO]: [OptiFine] (Reflector) Class not present: net.minecraftforge.client.ForgeHooksClient
[10:38:58] [launcher/INFO]: [OptiFine] (Reflector) Field not present: ain.delegate
[10:38:58] [launcher/INFO]: [OptiFine] (Reflector) Method not present: ain.getDurabilityForDisplay
[10:38:58] [launcher/INFO]: [OptiFine] (Reflector) Method not present: ain.getRGBDurabilityForDisplay
[10:38:58] [launcher/INFO]: [OptiFine] (Reflector) Method not present: ain.isShield
[10:38:58] [launcher/INFO]: [OptiFine] (Reflector) Method not present: ain.onEntitySwing
[10:38:58] [launcher/INFO]: [OptiFine] (Reflector) Method not present: ain.shouldCauseReequipAnimation
[10:38:58] [launcher/INFO]: [OptiFine] (Reflector) Method not present: ain.showDurabilityBar
[10:38:58] [launcher/INFO]: [OptiFine] (Reflector) Method not present: bwa.handleItemState
[10:38:58] [launcher/INFO]: [OptiFine] (Reflector) Method not present: agv.hasOverlay
[10:38:58] [launcher/INFO]: [OptiFine] (Reflector) Method not present: bhy.setKeyConflictContext
[10:38:58] [launcher/INFO]: [OptiFine] (Reflector) Method not present: bhy.setKeyModifierAndCode
[10:38:58] [launcher/INFO]: [OptiFine] (Reflector) Method not present: bhy.getKeyModifier
[10:38:58] [launcher/INFO]: [OptiFine] (Reflector) Class not present: net.minecraftforge.common.ForgeModContainer
[10:38:58] [launcher/INFO]: [OptiFine] (Reflector) Method not present: bvv.parseFromReader
[10:38:58] [launcher/INFO]: [OptiFine] (Reflector) Method not present: uz.shouldRenderHUD
[10:38:58] [launcher/INFO]: [OptiFine] (Reflector) Method not present: uz.renderHUDEffect
[10:38:58] [launcher/INFO]: [OptiFine] (Reflector) Method not present: va.isCurativeItem
[10:38:58] [launcher/INFO]: [OptiFine] (Reflector) Method not present: avj.canRenderBreaking
[10:38:58] [launcher/INFO]: [OptiFine] (Reflector) Method not present: avj.getRenderBoundingBox
[10:38:58] [launcher/INFO]: [OptiFine] (Reflector) Method not present: avj.hasFastRenderer
[10:38:58] [launcher/INFO]: [OptiFine] (Reflector) Method not present: avj.shouldRenderInPass
[10:38:58] [launcher/INFO]: [OptiFine] (Reflector) Method not present: ceb$b.preDraw
[10:38:58] [launcher/INFO]: [OptiFine] (Reflector) Method not present: ceb$b.postDraw
[10:38:58] [launcher/INFO]: [OptiFine] (Reflector) Method not present: amu.countEntities
[10:38:58] [launcher/INFO]: [OptiFine] (Reflector) Method not present: amu.getPerWorldStorage
[10:38:58] [launcher/INFO]: [OptiFine] (Reflector) Method not present: amu.initCapabilities
[10:38:58] [launcher/INFO]: [OptiFine] (Reflector) Method not present: aym.getCloudRenderer
[10:38:58] [launcher/INFO]: [OptiFine] (Reflector) Method not present: aym.getSkyRenderer
[10:38:58] [launcher/INFO]: [OptiFine] (Reflector) Method not present: aym.getWeatherRenderer
[10:38:58] [launcher/INFO]: [OptiFine] (Reflector) Class not present: net.minecraftforge.fml.client.GuiModList
[10:38:58] [launcher/INFO]: [OptiFine] (Reflector) Class not present: net.minecraftforge.common.property.IExtendedBlockState
[10:38:58] [launcher/INFO]: [OptiFine] (Reflector) Class not present: net.minecraftforge.client.model.IModel
[10:38:58] [launcher/INFO]: [OptiFine] (Reflector) Class not present: net.minecraftforge.client.IRenderHandler
[10:38:58] [launcher/INFO]: [OptiFine] (Reflector) Class not present: net.minecraftforge.client.ItemModelMesherForge
[10:38:58] [launcher/INFO]: [OptiFine] (Reflector) Class not present: net.minecraftforge.client.settings.KeyConflictContext
[10:38:58] [launcher/INFO]: [OptiFine] (Reflector) Class not present: net.minecraftforge.client.settings.KeyModifier
[10:38:58] [launcher/INFO]: [OptiFine] (Reflector) Class not present: net.minecraftforge.client.model.pipeline.LightUtil
[10:38:58] [launcher/INFO]: [OptiFine] (Reflector) Class not present: net.minecraftforge.common.MinecraftForge
[10:38:58] [launcher/INFO]: [OptiFine] (Reflector) Class not present: net.minecraftforge.client.MinecraftForgeClient
[10:38:58] [launcher/INFO]: [OptiFine] (Reflector) Class not present: net.minecraftforge.client.model.ModelLoader
[10:38:58] [launcher/INFO]: [OptiFine] (Reflector) Class not present: net.minecraftforge.client.gui.NotificationModUpdateScreen
[10:38:58] [launcher/INFO]: [OptiFine] (Reflector) Class not present: net.minecraftforge.client.event.RenderBlockOverlayEvent$OverlayType
[10:38:58] [launcher/INFO]: [OptiFine] (Reflector) Class not present: net.minecraftforge.fml.client.registry.RenderingRegistry
[10:38:58] [launcher/INFO]: [OptiFine] (Reflector) Class not present: net.minecraftforge.client.event.RenderItemInFrameEvent
[10:38:58] [launcher/INFO]: [OptiFine] (Reflector) Class not present: net.minecraftforge.client.event.RenderLivingEvent$Pre
[10:38:58] [launcher/INFO]: [OptiFine] (Reflector) Class not present: net.minecraftforge.client.event.RenderLivingEvent$Post
[10:38:58] [launcher/INFO]: [OptiFine] (Reflector) Class not present: net.minecraftforge.client.event.RenderLivingEvent$Specials$Pre
[10:38:58] [launcher/INFO]: [OptiFine] (Reflector) Class not present: net.minecraftforge.client.event.RenderLivingEvent$Specials$Post
[10:38:58] [launcher/INFO]: [OptiFine] (Reflector) Class not present: net.minecraftforge.client.event.ScreenshotEvent
[10:38:58] [launcher/INFO]: [OptiFine] (Reflector) Class not present: net.minecraftforge.fml.client.SplashProgress
[10:38:58] [launcher/INFO]: [OptiFine] (Reflector) Class not present: net.minecraftforge.event.world.WorldEvent$Load
[10:38:58] [launcher/INFO]: [OptiFine] *** Reflector Vanilla ***
[10:38:58] [launcher/WARN]: Skipping bad option: lastServer:
[10:38:58] [launcher/INFO]: LWJGL Version: 2.9.4
[10:38:59] [launcher/INFO]: [OptiFine] 
[10:38:59] [launcher/INFO]: [OptiFine] OptiFine_1.12.1_HD_U_C5
[10:38:59] [launcher/INFO]: [OptiFine] Build: 20170807-181132
[10:38:59] [launcher/INFO]: [OptiFine] OS: Windows 10 (amd64) version 10.0
[10:38:59] [launcher/INFO]: [OptiFine] Java: 1.8.0_144, Oracle Corporation
[10:38:59] [launcher/INFO]: [OptiFine] VM: Java HotSpot(TM) 64-Bit Server VM (mixed mode), Oracle Corporation
[10:38:59] [launcher/INFO]: [OptiFine] LWJGL: 2.9.4
[10:38:59] [launcher/INFO]: [OptiFine] OpenGL: GeForce GTX 970/PCIe/SSE2, version 4.5.0 NVIDIA 384.94, NVIDIA Corporation
[10:38:59] [launcher/INFO]: [OptiFine] OpenGL Version: 4.5.0
[10:38:59] [launcher/INFO]: [OptiFine] Maximum texture size: 16384x16384
[10:38:59] [Thread-5/INFO]: [OptiFine] Checking for new version
[10:38:59] [launcher/INFO]: [Shaders] ShadersMod version: 2.4.12
[10:38:59] [launcher/INFO]: [Shaders] OpenGL Version: 4.5.0 NVIDIA 384.94
[10:38:59] [launcher/INFO]: [Shaders] Vendor:  NVIDIA Corporation
[10:38:59] [launcher/INFO]: [Shaders] Renderer: GeForce GTX 970/PCIe/SSE2
[10:38:59] [launcher/INFO]: [Shaders] Capabilities:  2.0  2.1  3.0  3.2  4.0 
[10:38:59] [launcher/INFO]: [Shaders] GL_MAX_DRAW_BUFFERS: 8
[10:38:59] [launcher/INFO]: [Shaders] GL_MAX_COLOR_ATTACHMENTS_EXT: 8
[10:38:59] [launcher/INFO]: [Shaders] GL_MAX_TEXTURE_IMAGE_UNITS: 32
[10:38:59] [launcher/INFO]: [Shaders] Load ShadersMod configuration.
[10:38:59] [launcher/INFO]: [Shaders] Shaders can not be loaded, Fast Render is enabled.
[10:38:59] [launcher/INFO]: [Shaders] No shaderpack loaded.
[10:39:00] [launcher/INFO]: Reloading ResourceManager: Default
[10:39:00] [launcher/INFO]: [OptiFine] *** Reloading textures ***
[10:39:00] [launcher/INFO]: [OptiFine] Resource packs: Default
[10:39:00] [Sound Library Loader/INFO]: Starting up SoundSystem...
[10:39:00] [Thread-5/INFO]: [OptiFine] Version found: C5
[10:39:00] [Thread-6/INFO]: Initializing LWJGL OpenAL
[10:39:00] [Thread-6/INFO]: (The LWJGL binding of OpenAL.  For more information, see http://www.lwjgl.org)
[10:39:00] [Thread-6/ERROR]: Error in class 'LibraryLWJGLOpenAL'
[10:39:00] [Thread-6/ERROR]: Unable to initialize OpenAL.  Probable cause: OpenAL not supported.
[10:39:00] [Thread-6/WARN]: ERROR MESSAGE:
[10:39:00] [Thread-6/INFO]: Could not locate OpenAL library.
[10:39:00] [Thread-6/WARN]: STACK TRACE:
[10:39:00] [Thread-6/INFO]: org.lwjgl.openal.AL.create(AL.java:156)
[10:39:00] [Thread-6/INFO]: org.lwjgl.openal.AL.create(AL.java:102)
[10:39:00] [Thread-6/INFO]: org.lwjgl.openal.AL.create(AL.java:206)
[10:39:00] [Thread-6/INFO]: paulscode.sound.libraries.LibraryLWJGLOpenAL.init(LibraryLWJGLOpenAL.java:164)
[10:39:00] [Thread-6/INFO]: paulscode.sound.SoundSystem.CommandNewLibrary(SoundSystem.java:1576)
[10:39:00] [Thread-6/INFO]: paulscode.sound.SoundSystem.CommandQueue(SoundSystem.java:2572)
[10:39:00] [Thread-6/INFO]: paulscode.sound.CommandThread.run(CommandThread.java:121)
[10:39:01] [Sound Library Loader/WARN]: ERROR MESSAGE:
[10:39:01] [Sound Library Loader/INFO]: Could not locate OpenAL library.
[10:39:01] [Sound Library Loader/INFO]: Starting up SoundSystem...
[10:39:01] [Thread-8/INFO]: Switching to No Sound
[10:39:01] [Thread-8/INFO]: (Silent Mode)
[10:39:01] [Sound Library Loader/INFO]: Sound engine started
[10:39:01] [launcher/INFO]: [OptiFine] Mipmap levels: 4
[10:39:01] [launcher/INFO]: [OptiFine] Multitexture: false
[10:39:01] [launcher/INFO]: [OptiFine] ConnectedTextures: mcpatcher/ctm/default/0_glass_white/glass_pane_white.properties
[10:39:01] [launcher/INFO]: [OptiFine] ConnectedTextures: mcpatcher/ctm/default/0_glass_white/glass_white.properties
[10:39:01] [launcher/INFO]: [OptiFine] ConnectedTextures: mcpatcher/ctm/default/10_glass_purple/glass_pane_purple.properties
[10:39:01] [launcher/INFO]: [OptiFine] ConnectedTextures: mcpatcher/ctm/default/10_glass_purple/glass_purple.properties
[10:39:01] [launcher/INFO]: [OptiFine] ConnectedTextures: mcpatcher/ctm/default/11_glass_blue/glass_blue.properties
[10:39:01] [launcher/INFO]: [OptiFine] ConnectedTextures: mcpatcher/ctm/default/11_glass_blue/glass_pane_blue.properties
[10:39:01] [launcher/INFO]: [OptiFine] ConnectedTextures: mcpatcher/ctm/default/12_glass_brown/glass_brown.properties
[10:39:01] [launcher/INFO]: [OptiFine] ConnectedTextures: mcpatcher/ctm/default/12_glass_brown/glass_pane_brown.properties
[10:39:01] [launcher/INFO]: [OptiFine] ConnectedTextures: mcpatcher/ctm/default/13_glass_green/glass_green.properties
[10:39:01] [launcher/INFO]: [OptiFine] ConnectedTextures: mcpatcher/ctm/default/13_glass_green/glass_pane_green.properties
[10:39:01] [launcher/INFO]: [OptiFine] ConnectedTextures: mcpatcher/ctm/default/14_glass_red/glass_pane_red.properties
[10:39:01] [launcher/INFO]: [OptiFine] ConnectedTextures: mcpatcher/ctm/default/14_glass_red/glass_red.properties
[10:39:01] [launcher/INFO]: [OptiFine] ConnectedTextures: mcpatcher/ctm/default/15_glass_black/glass_black.properties
[10:39:01] [launcher/INFO]: [OptiFine] ConnectedTextures: mcpatcher/ctm/default/15_glass_black/glass_pane_black.properties
[10:39:01] [launcher/INFO]: [OptiFine] ConnectedTextures: mcpatcher/ctm/default/1_glass_orange/glass_orange.properties
[10:39:01] [launcher/INFO]: [OptiFine] ConnectedTextures: mcpatcher/ctm/default/1_glass_orange/glass_pane_orange.properties
[10:39:01] [launcher/INFO]: [OptiFine] ConnectedTextures: mcpatcher/ctm/default/2_glass_magenta/glass_magenta.properties
[10:39:01] [launcher/INFO]: [OptiFine] ConnectedTextures: mcpatcher/ctm/default/2_glass_magenta/glass_pane_magenta.properties
[10:39:01] [launcher/INFO]: [OptiFine] ConnectedTextures: mcpatcher/ctm/default/3_glass_light_blue/glass_light_blue.properties
[10:39:01] [launcher/INFO]: [OptiFine] ConnectedTextures: mcpatcher/ctm/default/3_glass_light_blue/glass_pane_light_blue.properties
[10:39:01] [launcher/INFO]: [OptiFine] ConnectedTextures: mcpatcher/ctm/default/4_glass_yellow/glass_pane_yellow.properties
[10:39:01] [launcher/INFO]: [OptiFine] ConnectedTextures: mcpatcher/ctm/default/4_glass_yellow/glass_yellow.properties
[10:39:01] [launcher/INFO]: [OptiFine] ConnectedTextures: mcpatcher/ctm/default/5_glass_lime/glass_lime.properties
[10:39:01] [launcher/INFO]: [OptiFine] ConnectedTextures: mcpatcher/ctm/default/5_glass_lime/glass_pane_lime.properties
[10:39:01] [launcher/INFO]: [OptiFine] ConnectedTextures: mcpatcher/ctm/default/6_glass_pink/glass_pane_pink.properties
[10:39:01] [launcher/INFO]: [OptiFine] ConnectedTextures: mcpatcher/ctm/default/6_glass_pink/glass_pink.properties
[10:39:01] [launcher/INFO]: [OptiFine] ConnectedTextures: mcpatcher/ctm/default/7_glass_gray/glass_gray.properties
[10:39:01] [launcher/INFO]: [OptiFine] ConnectedTextures: mcpatcher/ctm/default/7_glass_gray/glass_pane_gray.properties
[10:39:01] [launcher/INFO]: [OptiFine] ConnectedTextures: mcpatcher/ctm/default/8_glass_silver/glass_pane_silver.properties
[10:39:01] [launcher/INFO]: [OptiFine] ConnectedTextures: mcpatcher/ctm/default/8_glass_silver/glass_silver.properties
[10:39:01] [launcher/INFO]: [OptiFine] ConnectedTextures: mcpatcher/ctm/default/9_glass_cyan/glass_cyan.properties
[10:39:01] [launcher/INFO]: [OptiFine] ConnectedTextures: mcpatcher/ctm/default/9_glass_cyan/glass_pane_cyan.properties
[10:39:01] [launcher/INFO]: [OptiFine] ConnectedTextures: mcpatcher/ctm/default/bookshelf.properties
[10:39:01] [launcher/INFO]: [OptiFine] ConnectedTextures: mcpatcher/ctm/default/glass.properties
[10:39:01] [launcher/INFO]: [OptiFine] ConnectedTextures: mcpatcher/ctm/default/glasspane.properties
[10:39:01] [launcher/INFO]: [OptiFine] ConnectedTextures: mcpatcher/ctm/default/sandstone.properties
[10:39:01] [launcher/INFO]: [OptiFine] Multipass connected textures: false
[10:39:01] [launcher/INFO]: [OptiFine] BetterGrass: Parsing default configuration optifine/bettergrass.properties
[10:39:02] [launcher/INFO]: Created: 1024x512 textures-atlas
[10:39:03] [launcher/INFO]: Narrator library for x64 successfully loaded
[10:39:03] [launcher/INFO]: [OptiFine] *** Reloading custom textures ***
[10:39:03] [launcher/INFO]: [OptiFine] Natural Textures: Parsing default configuration "optifine/natural.properties"
[10:39:03] [launcher/INFO]: [OptiFine] Natural Textures: Valid only for textures from default resource pack
[10:39:03] [launcher/INFO]: [OptiFine] NaturalTextures: grass_side = F
[10:39:03] [launcher/INFO]: [OptiFine] NaturalTextures: grass_side_overlay = F
[10:39:03] [launcher/INFO]: [OptiFine] NaturalTextures: grass_side_snowed = F
[10:39:03] [launcher/INFO]: [OptiFine] NaturalTextures: mycelium_side = F
[10:39:03] [launcher/INFO]: [OptiFine] NaturalTextures: mycelium_top = 4F
[10:39:03] [launcher/INFO]: [OptiFine] NaturalTextures: grass_path_top = 4
[10:39:03] [launcher/INFO]: [OptiFine] NaturalTextures: grass_path_side = F
[10:39:03] [launcher/INFO]: [OptiFine] NaturalTextures: snow = 4F
[10:39:03] [launcher/INFO]: [OptiFine] NaturalTextures: coarse_dirt = 4F
[10:39:03] [launcher/INFO]: [OptiFine] NaturalTextures: dirt_podzol_top = 4F
[10:39:03] [launcher/INFO]: [OptiFine] NaturalTextures: farmland_wet = 2F
[10:39:03] [launcher/INFO]: [OptiFine] NaturalTextures: farmland_dry = 2F
[10:39:03] [launcher/INFO]: [OptiFine] NaturalTextures: stone_granite = 2F
[10:39:03] [launcher/INFO]: [OptiFine] NaturalTextures: stone_diorite = 2F
[10:39:03] [launcher/INFO]: [OptiFine] NaturalTextures: stone_andesite = 2F
[10:39:03] [launcher/INFO]: [OptiFine] NaturalTextures: sandstone_top = 4
[10:39:03] [launcher/INFO]: [OptiFine] NaturalTextures: sandstone_bottom = 4F
[10:39:03] [launcher/INFO]: [OptiFine] NaturalTextures: stone_slab_top = F
[10:39:03] [launcher/INFO]: [OptiFine] NaturalTextures: end_stone = 4
[10:39:03] [launcher/INFO]: [OptiFine] NaturalTextures: gravel = 2
[10:39:03] [launcher/INFO]: [OptiFine] NaturalTextures: clay = 4F
[10:39:03] [launcher/INFO]: [OptiFine] NaturalTextures: log_oak = 2F
[10:39:03] [launcher/INFO]: [OptiFine] NaturalTextures: log_spruce = 2F
[10:39:03] [launcher/INFO]: [OptiFine] NaturalTextures: log_birch = F
[10:39:03] [launcher/INFO]: [OptiFine] NaturalTextures: log_jungle = 2F
[10:39:03] [launcher/INFO]: [OptiFine] NaturalTextures: log_acacia = 2F
[10:39:03] [launcher/INFO]: [OptiFine] NaturalTextures: log_big_oak = 2F
[10:39:03] [launcher/INFO]: [OptiFine] NaturalTextures: log_oak_top = 4F
[10:39:03] [launcher/INFO]: [OptiFine] NaturalTextures: log_spruce_top = 4F
[10:39:03] [launcher/INFO]: [OptiFine] NaturalTextures: log_birch_top = 4F
[10:39:03] [launcher/INFO]: [OptiFine] NaturalTextures: log_jungle_top = 4F
[10:39:03] [launcher/INFO]: [OptiFine] NaturalTextures: log_acacia_top = 4F
[10:39:03] [launcher/INFO]: [OptiFine] NaturalTextures: log_big_oak_top = 4F
[10:39:03] [launcher/INFO]: [OptiFine] NaturalTextures: leaves_oak = 2F
[10:39:03] [launcher/INFO]: [OptiFine] NaturalTextures: leaves_spruce = 2F
[10:39:03] [launcher/INFO]: [OptiFine] NaturalTextures: leaves_birch = 2F
[10:39:03] [launcher/INFO]: [OptiFine] NaturalTextures: leaves_jungle = 2
[10:39:03] [launcher/INFO]: [OptiFine] NaturalTextures: leaves_big_oak = 2F
[10:39:03] [launcher/INFO]: [OptiFine] NaturalTextures: leaves_acacia = 2F
[10:39:03] [launcher/INFO]: [OptiFine] NaturalTextures: gold_ore = 2F
[10:39:03] [launcher/INFO]: [OptiFine] NaturalTextures: iron_ore = 2F
[10:39:03] [launcher/INFO]: [OptiFine] NaturalTextures: coal_ore = 2F
[10:39:03] [launcher/INFO]: [OptiFine] NaturalTextures: diamond_ore = 2F
[10:39:03] [launcher/INFO]: [OptiFine] NaturalTextures: redstone_ore = 2F
[10:39:03] [launcher/INFO]: [OptiFine] NaturalTextures: lapis_ore = 2F
[10:39:03] [launcher/INFO]: [OptiFine] NaturalTextures: netherrack = 4F
[10:39:03] [launcher/INFO]: [OptiFine] NaturalTextures: quartz_ore = 2
[10:39:03] [launcher/INFO]: [OptiFine] NaturalTextures: soul_sand = 4F
[10:39:03] [launcher/INFO]: [OptiFine] NaturalTextures: glowstone = 4
[10:39:03] [launcher/INFO]: [OptiFine] NaturalTextures: redstone_lamp_on = 4F
[10:39:03] [launcher/INFO]: [OptiFine] NaturalTextures: redstone_lamp_off = 4F
[10:39:03] [launcher/INFO]: [OptiFine] NaturalTextures: prismarine_rough = 4F
[10:39:03] [launcher/INFO]: [OptiFine] NaturalTextures: obsidian = 4F
[10:39:03] [launcher/INFO]: [OptiFine] NaturalTextures: cactus_side = 2F
[10:39:05] [Realms Notification Availability checker #1/INFO]: Could not authorize you against Realms server: Invalid session id
[10:39:13] [launcher/INFO]: Reloading ResourceManager: Default, 客户端材质包
[10:39:13] [launcher/INFO]: [OptiFine] *** Reloading textures ***
[10:39:13] [launcher/INFO]: [OptiFine] Resource packs: 客户端材质包
[10:39:14] [launcher/INFO]: SoundSystem shutting down...
[10:39:14] [launcher/WARN]: Author: Paul Lamb, www.paulscode.com
[10:39:14] [Sound Library Loader/INFO]: Starting up SoundSystem...
[10:39:14] [Thread-12/INFO]: Initializing LWJGL OpenAL
[10:39:14] [Thread-12/INFO]: (The LWJGL binding of OpenAL.  For more information, see http://www.lwjgl.org)
[10:39:14] [Thread-12/INFO]: OpenAL initialized.
[10:39:15] [Sound Library Loader/INFO]: Sound engine started
[10:39:15] [launcher/INFO]: [OptiFine] Mipmap levels: 4
[10:39:15] [launcher/INFO]: [OptiFine] Multitexture: false
[10:39:15] [launcher/INFO]: [OptiFine] Multipass connected textures: false
[10:39:15] [launcher/INFO]: [OptiFine] ConnectedTextures: mcpatcher/ctm/default/0_glass_white/glass_pane_white.properties
[10:39:15] [launcher/INFO]: [OptiFine] ConnectedTextures: mcpatcher/ctm/default/0_glass_white/glass_white.properties
[10:39:15] [launcher/INFO]: [OptiFine] ConnectedTextures: mcpatcher/ctm/default/10_glass_purple/glass_pane_purple.properties
[10:39:15] [launcher/INFO]: [OptiFine] ConnectedTextures: mcpatcher/ctm/default/10_glass_purple/glass_purple.properties
[10:39:15] [launcher/INFO]: [OptiFine] ConnectedTextures: mcpatcher/ctm/default/11_glass_blue/glass_blue.properties
[10:39:15] [launcher/INFO]: [OptiFine] ConnectedTextures: mcpatcher/ctm/default/11_glass_blue/glass_pane_blue.properties
[10:39:15] [launcher/INFO]: [OptiFine] ConnectedTextures: mcpatcher/ctm/default/12_glass_brown/glass_brown.properties
[10:39:15] [launcher/INFO]: [OptiFine] ConnectedTextures: mcpatcher/ctm/default/12_glass_brown/glass_pane_brown.properties
[10:39:15] [launcher/INFO]: [OptiFine] ConnectedTextures: mcpatcher/ctm/default/13_glass_green/glass_green.properties
[10:39:15] [launcher/INFO]: [OptiFine] ConnectedTextures: mcpatcher/ctm/default/13_glass_green/glass_pane_green.properties
[10:39:15] [launcher/INFO]: [OptiFine] ConnectedTextures: mcpatcher/ctm/default/14_glass_red/glass_pane_red.properties
[10:39:15] [launcher/INFO]: [OptiFine] ConnectedTextures: mcpatcher/ctm/default/14_glass_red/glass_red.properties
[10:39:15] [launcher/INFO]: [OptiFine] ConnectedTextures: mcpatcher/ctm/default/15_glass_black/glass_black.properties
[10:39:15] [launcher/INFO]: [OptiFine] ConnectedTextures: mcpatcher/ctm/default/15_glass_black/glass_pane_black.properties
[10:39:15] [launcher/INFO]: [OptiFine] ConnectedTextures: mcpatcher/ctm/default/1_glass_orange/glass_orange.properties
[10:39:15] [launcher/INFO]: [OptiFine] ConnectedTextures: mcpatcher/ctm/default/1_glass_orange/glass_pane_orange.properties
[10:39:15] [launcher/INFO]: [OptiFine] ConnectedTextures: mcpatcher/ctm/default/2_glass_magenta/glass_magenta.properties
[10:39:15] [launcher/INFO]: [OptiFine] ConnectedTextures: mcpatcher/ctm/default/2_glass_magenta/glass_pane_magenta.properties
[10:39:15] [launcher/INFO]: [OptiFine] ConnectedTextures: mcpatcher/ctm/default/3_glass_light_blue/glass_light_blue.properties
[10:39:15] [launcher/INFO]: [OptiFine] ConnectedTextures: mcpatcher/ctm/default/3_glass_light_blue/glass_pane_light_blue.properties
[10:39:15] [launcher/INFO]: [OptiFine] ConnectedTextures: mcpatcher/ctm/default/4_glass_yellow/glass_pane_yellow.properties
[10:39:15] [launcher/INFO]: [OptiFine] ConnectedTextures: mcpatcher/ctm/default/4_glass_yellow/glass_yellow.properties
[10:39:15] [launcher/INFO]: [OptiFine] ConnectedTextures: mcpatcher/ctm/default/5_glass_lime/glass_lime.properties
[10:39:15] [launcher/INFO]: [OptiFine] ConnectedTextures: mcpatcher/ctm/default/5_glass_lime/glass_pane_lime.properties
[10:39:15] [launcher/INFO]: [OptiFine] ConnectedTextures: mcpatcher/ctm/default/6_glass_pink/glass_pane_pink.properties
[10:39:15] [launcher/INFO]: [OptiFine] ConnectedTextures: mcpatcher/ctm/default/6_glass_pink/glass_pink.properties
[10:39:15] [launcher/INFO]: [OptiFine] ConnectedTextures: mcpatcher/ctm/default/7_glass_gray/glass_gray.properties
[10:39:15] [launcher/INFO]: [OptiFine] ConnectedTextures: mcpatcher/ctm/default/7_glass_gray/glass_pane_gray.properties
[10:39:15] [launcher/INFO]: [OptiFine] ConnectedTextures: mcpatcher/ctm/default/8_glass_silver/glass_pane_silver.properties
[10:39:15] [launcher/INFO]: [OptiFine] ConnectedTextures: mcpatcher/ctm/default/8_glass_silver/glass_silver.properties
[10:39:15] [launcher/INFO]: [OptiFine] ConnectedTextures: mcpatcher/ctm/default/9_glass_cyan/glass_cyan.properties
[10:39:15] [launcher/INFO]: [OptiFine] ConnectedTextures: mcpatcher/ctm/default/9_glass_cyan/glass_pane_cyan.properties
[10:39:15] [launcher/INFO]: [OptiFine] ConnectedTextures: mcpatcher/ctm/default/bookshelf.properties
[10:39:15] [launcher/INFO]: [OptiFine] ConnectedTextures: mcpatcher/ctm/default/glass.properties
[10:39:15] [launcher/INFO]: [OptiFine] ConnectedTextures: mcpatcher/ctm/default/glasspane.properties
[10:39:15] [launcher/INFO]: [OptiFine] ConnectedTextures: mcpatcher/ctm/default/sandstone.properties
[10:39:15] [launcher/INFO]: [OptiFine] Multipass connected textures: false
[10:39:15] [launcher/INFO]: [OptiFine] BetterGrass: Parsing default configuration optifine/bettergrass.properties
[10:39:16] [launcher/INFO]: Created: 1024x512 textures-atlas
[10:39:16] [launcher/INFO]: [OptiFine] *** Reloading custom textures ***
[10:39:16] [launcher/INFO]: [OptiFine] Natural Textures: Parsing default configuration "optifine/natural.properties"
[10:39:16] [launcher/INFO]: [OptiFine] Natural Textures: Valid only for textures from default resource pack
[10:39:16] [launcher/INFO]: [OptiFine] NaturalTextures: grass_side = F
[10:39:16] [launcher/INFO]: [OptiFine] NaturalTextures: grass_side_overlay = F
[10:39:16] [launcher/INFO]: [OptiFine] NaturalTextures: grass_side_snowed = F
[10:39:16] [launcher/INFO]: [OptiFine] NaturalTextures: mycelium_side = F
[10:39:16] [launcher/INFO]: [OptiFine] NaturalTextures: mycelium_top = 4F
[10:39:16] [launcher/INFO]: [OptiFine] NaturalTextures: grass_path_top = 4
[10:39:16] [launcher/INFO]: [OptiFine] NaturalTextures: grass_path_side = F
[10:39:16] [launcher/INFO]: [OptiFine] NaturalTextures: snow = 4F
[10:39:16] [launcher/INFO]: [OptiFine] NaturalTextures: coarse_dirt = 4F
[10:39:16] [launcher/INFO]: [OptiFine] NaturalTextures: dirt_podzol_top = 4F
[10:39:16] [launcher/INFO]: [OptiFine] NaturalTextures: farmland_wet = 2F
[10:39:16] [launcher/INFO]: [OptiFine] NaturalTextures: farmland_dry = 2F
[10:39:16] [launcher/INFO]: [OptiFine] NaturalTextures: stone_granite = 2F
[10:39:16] [launcher/INFO]: [OptiFine] NaturalTextures: stone_diorite = 2F
[10:39:16] [launcher/INFO]: [OptiFine] NaturalTextures: stone_andesite = 2F
[10:39:16] [launcher/INFO]: [OptiFine] NaturalTextures: sandstone_top = 4
[10:39:16] [launcher/INFO]: [OptiFine] NaturalTextures: sandstone_bottom = 4F
[10:39:16] [launcher/INFO]: [OptiFine] NaturalTextures: stone_slab_top = F
[10:39:16] [launcher/INFO]: [OptiFine] NaturalTextures: end_stone = 4
[10:39:16] [launcher/INFO]: [OptiFine] NaturalTextures: gravel = 2
[10:39:16] [launcher/INFO]: [OptiFine] NaturalTextures: clay = 4F
[10:39:16] [launcher/INFO]: [OptiFine] NaturalTextures: log_oak = 2F
[10:39:16] [launcher/INFO]: [OptiFine] NaturalTextures: log_spruce = 2F
[10:39:16] [launcher/INFO]: [OptiFine] NaturalTextures: log_birch = F
[10:39:16] [launcher/INFO]: [OptiFine] NaturalTextures: log_jungle = 2F
[10:39:16] [launcher/INFO]: [OptiFine] NaturalTextures: log_acacia = 2F
[10:39:16] [launcher/INFO]: [OptiFine] NaturalTextures: log_big_oak = 2F
[10:39:16] [launcher/INFO]: [OptiFine] NaturalTextures: log_oak_top = 4F
[10:39:16] [launcher/INFO]: [OptiFine] NaturalTextures: log_spruce_top = 4F
[10:39:16] [launcher/INFO]: [OptiFine] NaturalTextures: log_birch_top = 4F
[10:39:16] [launcher/INFO]: [OptiFine] NaturalTextures: log_jungle_top = 4F
[10:39:16] [launcher/INFO]: [OptiFine] NaturalTextures: log_acacia_top = 4F
[10:39:16] [launcher/INFO]: [OptiFine] NaturalTextures: log_big_oak_top = 4F
[10:39:16] [launcher/INFO]: [OptiFine] NaturalTextures: leaves_oak = 2F
[10:39:16] [launcher/INFO]: [OptiFine] NaturalTextures: leaves_spruce = 2F
[10:39:16] [launcher/INFO]: [OptiFine] NaturalTextures: leaves_birch = 2F
[10:39:16] [launcher/INFO]: [OptiFine] NaturalTextures: leaves_jungle = 2
[10:39:16] [launcher/INFO]: [OptiFine] NaturalTextures: leaves_big_oak = 2F
[10:39:16] [launcher/INFO]: [OptiFine] NaturalTextures: leaves_acacia = 2F
[10:39:16] [launcher/INFO]: [OptiFine] NaturalTextures: gold_ore = 2F
[10:39:16] [launcher/INFO]: [OptiFine] NaturalTextures: iron_ore = 2F
[10:39:16] [launcher/INFO]: [OptiFine] NaturalTextures: coal_ore = 2F
[10:39:16] [launcher/INFO]: [OptiFine] NaturalTextures: diamond_ore = 2F
[10:39:16] [launcher/INFO]: [OptiFine] NaturalTextures: redstone_ore = 2F
[10:39:16] [launcher/INFO]: [OptiFine] NaturalTextures: lapis_ore = 2F
[10:39:16] [launcher/INFO]: [OptiFine] NaturalTextures: netherrack = 4F
[10:39:16] [launcher/INFO]: [OptiFine] NaturalTextures: quartz_ore = 2
[10:39:16] [launcher/INFO]: [OptiFine] NaturalTextures: soul_sand = 4F
[10:39:16] [launcher/INFO]: [OptiFine] NaturalTextures: glowstone = 4
[10:39:16] [launcher/INFO]: [OptiFine] NaturalTextures: redstone_lamp_on = 4F
[10:39:16] [launcher/INFO]: [OptiFine] NaturalTextures: redstone_lamp_off = 4F
[10:39:16] [launcher/INFO]: [OptiFine] NaturalTextures: prismarine_rough = 4F
[10:39:16] [launcher/INFO]: [OptiFine] NaturalTextures: obsidian = 4F
[10:39:16] [launcher/INFO]: [OptiFine] NaturalTextures: cactus_side = 2F
[10:39:16] [launcher/INFO]: [OptiFine] CustomSky properties: mcpatcher/sky/world0/sky1.properties
[10:39:17] [launcher/INFO]: [OptiFine] CustomSky properties: mcpatcher/sky/world0/sky2.properties
[10:39:17] [launcher/INFO]: [OptiFine] CustomSky properties: mcpatcher/sky/world0/sky3.properties
[10:39:17] [launcher/INFO]: [OptiFine] CustomSky properties: mcpatcher/sky/world0/sky4.properties
[10:39:17] [launcher/INFO]: [OptiFine] CustomSky properties: mcpatcher/sky/world0/sky5.properties
[10:39:17] [launcher/INFO]: [OptiFine] CustomSky properties: mcpatcher/sky/world0/sky6.properties
[10:39:17] [launcher/INFO]: [OptiFine] CustomSky properties: mcpatcher/sky/world0/sky7.properties
[10:39:17] [launcher/INFO]: [OptiFine] CustomSky properties: mcpatcher/sky/world0/sky8.properties
[10:39:22] [launcher/INFO]: Stopping!
[10:39:22] [launcher/INFO]: SoundSystem shutting down...
[10:39:22] [launcher/WARN]: Author: Paul Lamb, www.paulscode.com
